<?xml version="1.0" encoding="UTF-8" standalone="yes"?><!DOCTYPE report PUBLIC "-//JACOCO//DTD Report 1.1//EN" "report.dtd"><report name="AccountSystemLogic"><sessioninfo id="DESKTOP-FAIRF6M-9bd2db8d" start="1632939728943" dump="1632939729998"/><package name="za/ac/nwu/ac/logic/config"><class name="za/ac/nwu/ac/logic/config/LogicConfig" sourcefilename="LogicConfig.java"><method name="&lt;init&gt;" desc="()V" line="13"><counter type="INSTRUCTION" missed="3" covered="0"/><counter type="LINE" missed="1" covered="0"/><counter type="COMPLEXITY" missed="1" covered="0"/><counter type="METHOD" missed="1" covered="0"/></method><counter type="INSTRUCTION" missed="3" covered="0"/><counter type="LINE" missed="1" covered="0"/><counter type="COMPLEXITY" missed="1" covered="0"/><counter type="METHOD" missed="1" covered="0"/><counter type="CLASS" missed="1" covered="0"/></class><sourcefile name="LogicConfig.java"><line nr="13" mi="3" ci="0" mb="0" cb="0"/><counter type="INSTRUCTION" missed="3" covered="0"/><counter type="LINE" missed="1" covered="0"/><counter type="COMPLEXITY" missed="1" covered="0"/><counter type="METHOD" missed="1" covered="0"/><counter type="CLASS" missed="1" covered="0"/></sourcefile><counter type="INSTRUCTION" missed="3" covered="0"/><counter type="LINE" missed="1" covered="0"/><counter type="COMPLEXITY" missed="1" covered="0"/><counter type="METHOD" missed="1" covered="0"/><counter type="CLASS" missed="1" covered="0"/></package><package name="za/ac/nwu/ac/logic/flow/Impl"><class name="za/ac/nwu/ac/logic/flow/Impl/CreateAccountTypeFlowImpl" sourcefilename="CreateAccountTypeFlowImpl.java"><method name="&lt;init&gt;" desc="(Lza/ac/nwu/ac/translator/AccountTypeTranslator;)V" line="19"><counter type="INSTRUCTION" missed="0" covered="6"/><counter type="LINE" missed="0" covered="3"/><counter type="COMPLEXITY" missed="0" covered="1"/><counter type="METHOD" missed="0" covered="1"/></method><method name="create" desc="(Lza/ac/nwu/ac/domain/dto/AccountTypeDto;)Lza/ac/nwu/ac/domain/dto/AccountTypeDto;" line="25"><counter type="INSTRUCTION" missed="8" covered="7"/><counter type="BRANCH" missed="1" covered="1"/><counter type="LINE" missed="2" covered="2"/><counter type="COMPLEXITY" missed="1" covered="1"/><counter type="METHOD" missed="0" covered="1"/></method><counter type="INSTRUCTION" missed="8" covered="13"/><counter type="BRANCH" missed="1" covered="1"/><counter type="LINE" missed="2" covered="5"/><counter type="COMPLEXITY" missed="1" covered="2"/><counter type="METHOD" missed="0" covered="2"/><counter type="CLASS" missed="0" covered="1"/></class><class name="za/ac/nwu/ac/logic/flow/Impl/ModifyAccountTypeFlowImpl" sourcefilename="ModifyAccountTypeFlowImpl.java"><method name="&lt;init&gt;" desc="(Lza/ac/nwu/ac/translator/AccountTypeTranslator;)V" line="19"><counter type="INSTRUCTION" missed="0" covered="6"/><counter type="LINE" missed="0" covered="3"/><counter type="COMPLEXITY" missed="0" covered="1"/><counter type="METHOD" missed="0" covered="1"/></method><method name="deleteAccountType" desc="(Ljava/lang/String;)Lza/ac/nwu/ac/domain/dto/AccountTypeDto;" line="25"><counter type="INSTRUCTION" missed="4" covered="0"/><counter type="LINE" missed="1" covered="0"/><counter type="COMPLEXITY" missed="1" covered="0"/><counter type="METHOD" missed="1" covered="0"/></method><method name="updateAccountType" desc="(Ljava/lang/String;Ljava/lang/String;Ljava/time/LocalDate;)Lza/ac/nwu/ac/domain/dto/AccountTypeDto;" line="30"><counter type="INSTRUCTION" missed="7" covered="0"/><counter type="LINE" missed="1" covered="0"/><counter type="COMPLEXITY" missed="1" covered="0"/><counter type="METHOD" missed="1" covered="0"/></method><method name="methodToTest" desc="()Z" line="34"><counter type="INSTRUCTION" missed="0" covered="2"/><counter type="LINE" missed="0" covered="1"/><counter type="COMPLEXITY" missed="0" covered="1"/><counter type="METHOD" missed="0" covered="1"/></method><counter type="INSTRUCTION" missed="11" covered="8"/><counter type="LINE" missed="2" covered="4"/><counter type="COMPLEXITY" missed="2" covered="2"/><counter type="METHOD" missed="2" covered="2"/><counter type="CLASS" missed="0" covered="1"/></class><class name="za/ac/nwu/ac/logic/flow/Impl/Modulo" sourcefilename="Modulo.java"><method name="&lt;init&gt;" desc="()V" line="3"><counter type="INSTRUCTION" missed="0" covered="3"/><counter type="LINE" missed="0" covered="1"/><counter type="COMPLEXITY" missed="0" covered="1"/><counter type="METHOD" missed="0" covered="1"/></method><method name="doMod" desc="(II)Ljava/lang/Integer;" line="5"><counter type="INSTRUCTION" missed="0" covered="12"/><counter type="BRANCH" missed="0" covered="2"/><counter type="LINE" missed="0" covered="3"/><counter type="COMPLEXITY" missed="0" covered="2"/><counter type="METHOD" missed="0" covered="1"/></method><counter type="INSTRUCTION" missed="0" covered="15"/><counter type="BRANCH" missed="0" covered="2"/><counter type="LINE" missed="0" covered="4"/><counter type="COMPLEXITY" missed="0" covered="3"/><counter type="METHOD" missed="0" covered="2"/><counter type="CLASS" missed="0" covered="1"/></class><class name="za/ac/nwu/ac/logic/flow/Impl/FetchAccountTypeFlowImpl" sourcefilename="FetchAccountTypeFlowImpl.java"><method name="&lt;init&gt;" desc="(Lza/ac/nwu/ac/translator/AccountTypeTranslator;)V" line="19"><counter type="INSTRUCTION" missed="0" covered="6"/><counter type="LINE" missed="0" covered="3"/><counter type="COMPLEXITY" missed="0" covered="1"/><counter type="METHOD" missed="0" covered="1"/></method><method name="getAllAccountTypes" desc="()Ljava/util/List;" line="25"><counter type="INSTRUCTION" missed="4" covered="0"/><counter type="LINE" missed="1" covered="0"/><counter type="COMPLEXITY" missed="1" covered="0"/><counter type="METHOD" missed="1" covered="0"/></method><method name="getAccountTypeDtoByMnemonic" desc="(Ljava/lang/String;)Lza/ac/nwu/ac/domain/dto/AccountTypeDto;" line="30"><counter type="INSTRUCTION" missed="5" covered="0"/><counter type="LINE" missed="1" covered="0"/><counter type="COMPLEXITY" missed="1" covered="0"/><counter type="METHOD" missed="1" covered="0"/></method><method name="methodToTest" desc="()Z" line="34"><counter type="INSTRUCTION" missed="0" covered="2"/><counter type="LINE" missed="0" covered="1"/><counter type="COMPLEXITY" missed="0" covered="1"/><counter type="METHOD" missed="0" covered="1"/></method><counter type="INSTRUCTION" missed="9" covered="8"/><counter type="LINE" missed="2" covered="4"/><counter type="COMPLEXITY" missed="2" covered="2"/><counter type="METHOD" missed="2" covered="2"/><counter type="CLASS" missed="0" covered="1"/></class><sourcefile name="FetchAccountTypeFlowImpl.java"><line nr="19" mi="0" ci="2" mb="0" cb="0"/><line nr="20" mi="0" ci="3" mb="0" cb="0"/><line nr="21" mi="0" ci="1" mb="0" cb="0"/><line nr="25" mi="4" ci="0" mb="0" cb="0"/><line nr="30" mi="5" ci="0" mb="0" cb="0"/><line nr="34" mi="0" ci="2" mb="0" cb="0"/><counter type="INSTRUCTION" missed="9" covered="8"/><counter type="LINE" missed="2" covered="4"/><counter type="COMPLEXITY" missed="2" covered="2"/><counter type="METHOD" missed="2" covered="2"/><counter type="CLASS" missed="0" covered="1"/></sourcefile><sourcefile name="ModifyAccountTypeFlowImpl.java"><line nr="19" mi="0" ci="2" mb="0" cb="0"/><line nr="20" mi="0" ci="3" mb="0" cb="0"/><line nr="21" mi="0" ci="1" mb="0" cb="0"/><line nr="25" mi="4" ci="0" mb="0" cb="0"/><line nr="30" mi="7" ci="0" mb="0" cb="0"/><line nr="34" mi="0" ci="2" mb="0" cb="0"/><counter type="INSTRUCTION" missed="11" covered="8"/><counter type="LINE" missed="2" covered="4"/><counter type="COMPLEXITY" missed="2" covered="2"/><counter type="METHOD" missed="2" covered="2"/><counter type="CLASS" missed="0" covered="1"/></sourcefile><sourcefile name="Modulo.java"><line nr="3" mi="0" ci="3" mb="0" cb="0"/><line nr="5" mi="0" ci="2" mb="0" cb="2"/><line nr="6" mi="0" ci="5" mb="0" cb="0"/><line nr="8" mi="0" ci="5" mb="0" cb="0"/><counter type="INSTRUCTION" missed="0" covered="15"/><counter type="BRANCH" missed="0" covered="2"/><counter type="LINE" missed="0" covered="4"/><counter type="COMPLEXITY" missed="0" covered="3"/><counter type="METHOD" missed="0" covered="2"/><counter type="CLASS" missed="0" covered="1"/></sourcefile><sourcefile name="CreateAccountTypeFlowImpl.java"><line nr="19" mi="0" ci="2" mb="0" cb="0"/><line nr="20" mi="0" ci="3" mb="0" cb="0"/><line nr="21" mi="0" ci="1" mb="0" cb="0"/><line nr="25" mi="0" ci="4" mb="1" cb="1"/><line nr="26" mi="0" ci="3" mb="0" cb="0"/><line nr="28" mi="3" ci="0" mb="0" cb="0"/><line nr="29" mi="5" ci="0" mb="0" cb="0"/><counter type="INSTRUCTION" missed="8" covered="13"/><counter type="BRANCH" missed="1" covered="1"/><counter type="LINE" missed="2" covered="5"/><counter type="COMPLEXITY" missed="1" covered="2"/><counter type="METHOD" missed="0" covered="2"/><counter type="CLASS" missed="0" covered="1"/></sourcefile><counter type="INSTRUCTION" missed="28" covered="44"/><counter type="BRANCH" missed="1" covered="3"/><counter type="LINE" missed="6" covered="17"/><counter type="COMPLEXITY" missed="5" covered="9"/><counter type="METHOD" missed="4" covered="8"/><counter type="CLASS" missed="0" covered="4"/></package><package name="za/ac/nwu/ac/logic/flow"><class name="za/ac/nwu/ac/logic/flow/CreateAccountTypeFlow" sourcefilename="CreateAccountTypeFlow.java"/><class name="za/ac/nwu/ac/logic/flow/ModifyAccountTypeFlow" sourcefilename="ModifyAccountTypeFlow.java"/><class name="za/ac/nwu/ac/logic/flow/FetchAccountTypeFlow" sourcefilename="FetchAccountTypeFlow.java"/><sourcefile name="CreateAccountTypeFlow.java"/><sourcefile name="FetchAccountTypeFlow.java"/><sourcefile name="ModifyAccountTypeFlow.java"/></package><counter type="INSTRUCTION" missed="31" covered="44"/><counter type="BRANCH" missed="1" covered="3"/><counter type="LINE" missed="7" covered="17"/><counter type="COMPLEXITY" missed="6" covered="9"/><counter type="METHOD" missed="5" covered="8"/><counter type="CLASS" missed="1" covered="4"/></report>